app/build/intermediates/manifest_merge_blame_file/debug/manifest-merger-blame-debug-report.txt
1<?xml version="1.0" encoding="utf-8"?>
2<manifest xmlns:android="http://schemas.android.com/apk/res/android"
3    package="com.apiptv.app.debug"
4    android:versionCode="1"
5    android:versionName="2026.1.0-debug" >
6
7    <uses-sdk
8        android:minSdkVersion="21"
9        android:targetSdkVersion="34" />
10
11    <!-- Permisos de red -->
12    <uses-permission android:name="android.permission.INTERNET" />
12-->src\main\AndroidManifest.xml:6:5-67
12-->src\main\AndroidManifest.xml:6:22-64
13    <uses-permission android:name="android.permission.ACCESS_NETWORK_STATE" />
13-->src\main\AndroidManifest.xml:7:5-79
13-->src\main\AndroidManifest.xml:7:22-76
14    <uses-permission android:name="android.permission.ACCESS_WIFI_STATE" />
14-->src\main\AndroidManifest.xml:8:5-76
14-->src\main\AndroidManifest.xml:8:22-73
15    <uses-permission android:name="android.permission.WAKE_LOCK" />
15-->src\main\AndroidManifest.xml:9:5-68
15-->src\main\AndroidManifest.xml:9:22-65
16
17    <!-- FireTV / Android TV: pantalla táctil NO requerida -->
18    <uses-feature
18-->src\main\AndroidManifest.xml:12:5-13:36
19        android:name="android.hardware.touchscreen"
19-->src\main\AndroidManifest.xml:12:19-62
20        android:required="false" />
20-->src\main\AndroidManifest.xml:13:9-33
21    <uses-feature
21-->src\main\AndroidManifest.xml:14:5-15:36
22        android:name="android.software.leanback"
22-->src\main\AndroidManifest.xml:14:19-59
23        android:required="false" />
23-->src\main\AndroidManifest.xml:15:9-33
24    <!-- D-pad para control remoto -->
25    <uses-feature
25-->src\main\AndroidManifest.xml:17:5-18:36
26        android:name="android.hardware.touchscreen.multitouch"
26-->src\main\AndroidManifest.xml:17:19-73
27        android:required="false" />
27-->src\main\AndroidManifest.xml:18:9-33
28
29    <permission
29-->[androidx.core:core:1.12.0] AndroidManifest.xml:22:5-24:47
30        android:name="com.apiptv.app.debug.DYNAMIC_RECEIVER_NOT_EXPORTED_PERMISSION"
30-->[androidx.core:core:1.12.0] AndroidManifest.xml:23:9-81
31        android:protectionLevel="signature" />
31-->[androidx.core:core:1.12.0] AndroidManifest.xml:24:9-44
32
33    <uses-permission android:name="com.apiptv.app.debug.DYNAMIC_RECEIVER_NOT_EXPORTED_PERMISSION" />
33-->[androidx.core:core:1.12.0] AndroidManifest.xml:26:5-97
33-->[androidx.core:core:1.12.0] AndroidManifest.xml:26:22-94
34
35    <application
35-->src\main\AndroidManifest.xml:20:5-83:19
36        android:allowBackup="true"
36-->src\main\AndroidManifest.xml:21:9-35
37        android:appComponentFactory="androidx.core.app.CoreComponentFactory"
37-->[androidx.core:core:1.12.0] AndroidManifest.xml:28:18-86
38        android:banner="@drawable/tv_banner"
38-->src\main\AndroidManifest.xml:25:9-45
39        android:debuggable="true"
40        android:extractNativeLibs="true"
41        android:hardwareAccelerated="true"
41-->src\main\AndroidManifest.xml:22:9-43
42        android:icon="@drawable/ic_launcher"
42-->src\main\AndroidManifest.xml:23:9-45
43        android:label="@string/app_name"
43-->src\main\AndroidManifest.xml:24:9-41
44        android:networkSecurityConfig="@xml/network_security_config"
44-->src\main\AndroidManifest.xml:27:9-69
45        android:supportsRtl="false"
45-->src\main\AndroidManifest.xml:29:9-36
46        android:theme="@style/Theme.APiptv"
46-->src\main\AndroidManifest.xml:26:9-44
47        android:usesCleartextTraffic="true" >
47-->src\main\AndroidManifest.xml:28:9-44
48
49        <!--
50             ═══════════════════════════════════════════
51             ACTIVIDAD PRINCIPAL — Phone / Tablet
52             ═══════════════════════════════════════════
53        -->
54        <activity
54-->src\main\AndroidManifest.xml:34:9-48:20
55            android:name="com.apiptv.app.MainActivity"
55-->src\main\AndroidManifest.xml:35:13-41
56            android:configChanges="orientation|screenSize|keyboardHidden|screenLayout|smallestScreenSize"
56-->src\main\AndroidManifest.xml:37:13-106
57            android:exported="true"
57-->src\main\AndroidManifest.xml:36:13-36
58            android:hardwareAccelerated="true"
58-->src\main\AndroidManifest.xml:39:13-47
59            android:launchMode="singleTop"
59-->src\main\AndroidManifest.xml:40:13-43
60            android:windowSoftInputMode="adjustResize" >
60-->src\main\AndroidManifest.xml:38:13-55
61
62            <!-- Lanzador normal (phone/tablet) -->
63            <intent-filter>
63-->src\main\AndroidManifest.xml:43:13-47:29
64                <action android:name="android.intent.action.MAIN" />
64-->src\main\AndroidManifest.xml:44:17-69
64-->src\main\AndroidManifest.xml:44:25-66
65
66                <category android:name="android.intent.category.LAUNCHER" />
66-->src\main\AndroidManifest.xml:45:17-77
66-->src\main\AndroidManifest.xml:45:27-74
67                <category android:name="android.intent.category.DEFAULT" />
67-->src\main\AndroidManifest.xml:46:17-76
67-->src\main\AndroidManifest.xml:46:27-73
68            </intent-filter>
69        </activity>
70
71        <!--
72             ═══════════════════════════════════════════
73             ACTIVIDAD TV — Android TV + FireTV
74             ═══════════════════════════════════════════
75        -->
76        <activity
76-->src\main\AndroidManifest.xml:53:9-81:20
77            android:name="com.apiptv.app.TvActivity"
77-->src\main\AndroidManifest.xml:54:13-39
78            android:configChanges="orientation|screenSize|keyboard|keyboardHidden|navigation"
78-->src\main\AndroidManifest.xml:56:13-94
79            android:exported="true"
79-->src\main\AndroidManifest.xml:55:13-36
80            android:hardwareAccelerated="true"
80-->src\main\AndroidManifest.xml:57:13-47
81            android:launchMode="singleTop"
81-->src\main\AndroidManifest.xml:58:13-43
82            android:theme="@style/Theme.APiptv.Tv" >
82-->src\main\AndroidManifest.xml:59:13-51
83
84            <!-- Android TV Launcher -->
85            <intent-filter>
85-->src\main\AndroidManifest.xml:62:13-66:29
86                <action android:name="android.intent.action.MAIN" />
86-->src\main\AndroidManifest.xml:44:17-69
86-->src\main\AndroidManifest.xml:44:25-66
87
88                <category android:name="android.intent.category.LEANBACK_LAUNCHER" />
88-->src\main\AndroidManifest.xml:64:17-86
88-->src\main\AndroidManifest.xml:64:27-83
89                <category android:name="android.intent.category.DEFAULT" />
89-->src\main\AndroidManifest.xml:46:17-76
89-->src\main\AndroidManifest.xml:46:27-73
90            </intent-filter>
91
92            <!-- Amazon FireTV Launcher -->
93            <intent-filter>
93-->src\main\AndroidManifest.xml:69:13-74:29
94                <action android:name="android.intent.action.MAIN" />
94-->src\main\AndroidManifest.xml:44:17-69
94-->src\main\AndroidManifest.xml:44:25-66
95
96                <category android:name="android.intent.category.LAUNCHER" />
96-->src\main\AndroidManifest.xml:45:17-77
96-->src\main\AndroidManifest.xml:45:27-74
97                <category android:name="amazon.intent.category.GAME_LAUNCHER" />
97-->src\main\AndroidManifest.xml:72:17-81
97-->src\main\AndroidManifest.xml:72:27-78
98                <category android:name="android.intent.category.DEFAULT" />
98-->src\main\AndroidManifest.xml:46:17-76
98-->src\main\AndroidManifest.xml:46:27-73
99            </intent-filter>
100
101            <!-- FireTV: reproducción de medios -->
102            <intent-filter>
102-->src\main\AndroidManifest.xml:77:13-80:29
103                <action android:name="android.media.action.MEDIA_PLAY_FROM_SEARCH" />
103-->src\main\AndroidManifest.xml:78:17-86
103-->src\main\AndroidManifest.xml:78:25-83
104
105                <category android:name="android.intent.category.DEFAULT" />
105-->src\main\AndroidManifest.xml:46:17-76
105-->src\main\AndroidManifest.xml:46:27-73
106            </intent-filter>
107        </activity>
108
109        <provider
109-->[androidx.emoji2:emoji2:1.2.0] AndroidManifest.xml:24:9-32:20
110            android:name="androidx.startup.InitializationProvider"
110-->[androidx.emoji2:emoji2:1.2.0] AndroidManifest.xml:25:13-67
111            android:authorities="com.apiptv.app.debug.androidx-startup"
111-->[androidx.emoji2:emoji2:1.2.0] AndroidManifest.xml:26:13-68
112            android:exported="false" >
112-->[androidx.emoji2:emoji2:1.2.0] AndroidManifest.xml:27:13-37
113            <meta-data
113-->[androidx.emoji2:emoji2:1.2.0] AndroidManifest.xml:29:13-31:52
114                android:name="androidx.emoji2.text.EmojiCompatInitializer"
114-->[androidx.emoji2:emoji2:1.2.0] AndroidManifest.xml:30:17-75
115                android:value="androidx.startup" />
115-->[androidx.emoji2:emoji2:1.2.0] AndroidManifest.xml:31:17-49
116            <meta-data
116-->[androidx.lifecycle:lifecycle-process:2.4.1] AndroidManifest.xml:31:13-33:52
117                android:name="androidx.lifecycle.ProcessLifecycleInitializer"
117-->[androidx.lifecycle:lifecycle-process:2.4.1] AndroidManifest.xml:32:17-78
118                android:value="androidx.startup" />
118-->[androidx.lifecycle:lifecycle-process:2.4.1] AndroidManifest.xml:33:17-49
119        </provider>
120    </application>
121
122</manifest>